2020-08-23 12:08:10.972 [restartedMain] INFO  c.w.g.GiftApplication - Starting GiftApplication on DESKTOP-8R9JVOE with PID 18720 (D:\gift\target\classes started by liqiqiorz in D:\gift)
2020-08-23 12:08:10.974 [restartedMain] DEBUG c.w.g.GiftApplication - Running with Spring Boot v2.3.4.RELEASE, Spring v5.2.9.RELEASE
2020-08-23 12:08:10.975 [restartedMain] INFO  c.w.g.GiftApplication - No active profile set, falling back to default profiles: default
2020-08-23 12:08:11.041 [restartedMain] INFO  o.s.b.d.r.ChangeableUrls - The Class-Path manifest attribute in D:\maven\repository\com\sun\xml\bind\jaxb-core\2.3.0.1\jaxb-core-2.3.0.1.jar referenced one or more files that do not exist: file:/D:/maven/repository/com/sun/xml/bind/jaxb-core/2.3.0.1/jaxb-api.jar
2020-08-23 12:08:11.042 [restartedMain] INFO  o.s.b.d.r.ChangeableUrls - The Class-Path manifest attribute in D:\maven\repository\com\sun\xml\bind\jaxb-impl\2.3.2\jaxb-impl-2.3.2.jar referenced one or more files that do not exist: file:/D:/maven/repository/com/sun/xml/bind/jaxb-impl/2.3.2/jaxb-runtime-2.3.2.jar,file:/D:/maven/repository/com/sun/xml/bind/jaxb-impl/2.3.2/txw2-2.3.2.jar,file:/D:/maven/repository/com/sun/xml/bind/jaxb-impl/2.3.2/istack-commons-runtime-3.0.8.jar,file:/D:/maven/repository/com/sun/xml/bind/jaxb-impl/2.3.2/stax-ex-1.8.1.jar,file:/D:/maven/repository/com/sun/xml/bind/jaxb-impl/2.3.2/FastInfoset-1.2.16.jar,file:/D:/maven/repository/com/sun/xml/bind/jaxb-impl/2.3.2/jakarta.activation-api-1.2.1.jar
2020-08-23 12:08:11.042 [restartedMain] INFO  o.s.b.d.e.DevToolsPropertyDefaultsPostProcessor - Devtools property defaults active! Set 'spring.devtools.add-properties' to 'false' to disable
2020-08-23 12:08:11.042 [restartedMain] INFO  o.s.b.d.e.DevToolsPropertyDefaultsPostProcessor - For additional web related logging consider setting the 'logging.level.web' property to 'DEBUG'
2020-08-23 12:08:12.081 [restartedMain] INFO  o.s.d.r.c.RepositoryConfigurationDelegate - Multiple Spring Data modules found, entering strict repository configuration mode!
2020-08-23 12:08:12.083 [restartedMain] INFO  o.s.d.r.c.RepositoryConfigurationDelegate - Bootstrapping Spring Data Redis repositories in DEFAULT mode.
2020-08-23 12:08:12.112 [restartedMain] INFO  o.s.d.r.c.RepositoryConfigurationDelegate - Finished Spring Data repository scanning in 13ms. Found 0 Redis repository interfaces.
2020-08-23 12:08:12.271 [restartedMain] WARN  o.m.s.m.ClassPathMapperScanner - No MyBatis mapper was found in '[com.yxr.gift.mapper]' package. Please check your configuration.
2020-08-23 12:08:12.273 [restartedMain] WARN  o.m.s.m.ClassPathMapperScanner - Skipping MapperFactoryBean with name 'categoryMapper' and 'com.wizz.gift.mapper.CategoryMapper' mapperInterface. Bean already defined with the same name!
2020-08-23 12:08:12.274 [restartedMain] WARN  o.m.s.m.ClassPathMapperScanner - Skipping MapperFactoryBean with name 'commentMapper' and 'com.wizz.gift.mapper.CommentMapper' mapperInterface. Bean already defined with the same name!
2020-08-23 12:08:12.274 [restartedMain] WARN  o.m.s.m.ClassPathMapperScanner - Skipping MapperFactoryBean with name 'giftMapper' and 'com.wizz.gift.mapper.GiftMapper' mapperInterface. Bean already defined with the same name!
2020-08-23 12:08:12.274 [restartedMain] WARN  o.m.s.m.ClassPathMapperScanner - Skipping MapperFactoryBean with name 'loginInfoMapper' and 'com.wizz.gift.mapper.LoginInfoMapper' mapperInterface. Bean already defined with the same name!
2020-08-23 12:08:12.274 [restartedMain] WARN  o.m.s.m.ClassPathMapperScanner - Skipping MapperFactoryBean with name 'messageRecordMapper' and 'com.wizz.gift.mapper.MessageRecordMapper' mapperInterface. Bean already defined with the same name!
2020-08-23 12:08:12.274 [restartedMain] WARN  o.m.s.m.ClassPathMapperScanner - Skipping MapperFactoryBean with name 'productMapper' and 'com.wizz.gift.mapper.ProductMapper' mapperInterface. Bean already defined with the same name!
2020-08-23 12:08:12.274 [restartedMain] WARN  o.m.s.m.ClassPathMapperScanner - Skipping MapperFactoryBean with name 'tokenMapper' and 'com.wizz.gift.mapper.TokenMapper' mapperInterface. Bean already defined with the same name!
2020-08-23 12:08:12.274 [restartedMain] WARN  o.m.s.m.ClassPathMapperScanner - Skipping MapperFactoryBean with name 'userMapper' and 'com.wizz.gift.mapper.UserMapper' mapperInterface. Bean already defined with the same name!
2020-08-23 12:08:12.274 [restartedMain] WARN  o.m.s.m.ClassPathMapperScanner - No MyBatis mapper was found in '[com/wizz/gift/mapper]' package. Please check your configuration.
2020-08-23 12:08:12.608 [restartedMain] INFO  o.s.c.s.PostProcessorRegistrationDelegate$BeanPostProcessorChecker - Bean 'redisConfig' of type [com.wizz.gift.config.RedisConfig$$EnhancerBySpringCGLIB$$5282b320] is not eligible for getting processed by all BeanPostProcessors (for example: not eligible for auto-proxying)
2020-08-23 12:08:13.095 [restartedMain] INFO  o.s.b.w.e.t.TomcatWebServer - Tomcat initialized with port(s): 9090 (http)
2020-08-23 12:08:13.103 [restartedMain] INFO  o.a.c.h.Http11NioProtocol - Initializing ProtocolHandler ["http-nio-9090"]
2020-08-23 12:08:13.103 [restartedMain] INFO  o.a.c.c.StandardService - Starting service [Tomcat]
2020-08-23 12:08:13.104 [restartedMain] INFO  o.a.c.c.StandardEngine - Starting Servlet engine: [Apache Tomcat/9.0.38]
2020-08-23 12:08:13.195 [restartedMain] INFO  o.a.c.c.C.[.[.[/] - Initializing Spring embedded WebApplicationContext
2020-08-23 12:08:13.195 [restartedMain] INFO  o.s.b.w.s.c.ServletWebServerApplicationContext - Root WebApplicationContext: initialization completed in 2153 ms
2020-08-23 12:08:13.551 [restartedMain] INFO  c.a.d.p.DruidDataSource - {dataSource-1} inited
2020-08-23 12:08:14.587 [restartedMain] INFO  o.s.s.c.ThreadPoolTaskExecutor - Initializing ExecutorService 'clientInboundChannelExecutor'
2020-08-23 12:08:14.605 [restartedMain] INFO  o.s.s.c.ThreadPoolTaskExecutor - Initializing ExecutorService 'clientOutboundChannelExecutor'
2020-08-23 12:08:15.454 [restartedMain] INFO  s.d.s.w.PropertySourcedRequestMappingHandlerMapping - Mapped URL path [/v2/api-docs] onto method [springfox.documentation.swagger2.web.Swagger2Controller#getDocumentation(String, HttpServletRequest)]
2020-08-23 12:08:15.488 [restartedMain] INFO  o.s.s.c.ThreadPoolTaskScheduler - Initializing ExecutorService 'messageBrokerTaskScheduler'
2020-08-23 12:08:15.537 [restartedMain] INFO  o.s.s.c.ThreadPoolTaskExecutor - Initializing ExecutorService 'brokerChannelExecutor'
2020-08-23 12:08:15.747 [restartedMain] INFO  o.s.b.d.a.OptionalLiveReloadServer - LiveReload server is running on port 35729
2020-08-23 12:08:16.376 [restartedMain] INFO  o.a.c.h.Http11NioProtocol - Starting ProtocolHandler ["http-nio-9090"]
2020-08-23 12:08:16.400 [restartedMain] INFO  o.s.b.w.e.t.TomcatWebServer - Tomcat started on port(s): 9090 (http) with context path ''
2020-08-23 12:08:16.401 [restartedMain] INFO  s.d.s.w.p.DocumentationPluginsBootstrapper - Context refreshed
2020-08-23 12:08:16.422 [restartedMain] INFO  s.d.s.w.p.DocumentationPluginsBootstrapper - Found 1 custom documentation plugin(s)
2020-08-23 12:08:16.452 [restartedMain] INFO  s.d.s.w.s.ApiListingReferenceScanner - Scanning for api listing references
2020-08-23 12:08:16.614 [restartedMain] INFO  s.d.s.w.r.o.CachingOperationNameGenerator - Generating unique operation named: indexUsingGET_1
2020-08-23 12:08:16.615 [restartedMain] INFO  s.d.s.w.r.o.CachingOperationNameGenerator - Generating unique operation named: indexUsingGET_2
2020-08-23 12:08:16.681 [restartedMain] INFO  o.s.m.s.b.SimpleBrokerMessageHandler - Starting...
2020-08-23 12:08:16.681 [restartedMain] INFO  o.s.m.s.b.SimpleBrokerMessageHandler - BrokerAvailabilityEvent[available=true, SimpleBrokerMessageHandler [DefaultSubscriptionRegistry[cache[0 destination(s)], registry[0 sessions]]]]
2020-08-23 12:08:16.682 [restartedMain] INFO  o.s.m.s.b.SimpleBrokerMessageHandler - Started.
2020-08-23 12:08:16.691 [restartedMain] INFO  c.w.g.GiftApplication - Started GiftApplication in 6.225 seconds (JVM running for 7.221)
2020-08-23 12:08:58.832 [restartedMain] INFO  c.w.g.GiftApplication - Starting GiftApplication on DESKTOP-8R9JVOE with PID 14156 (D:\gift\target\classes started by liqiqiorz in D:\gift)
2020-08-23 12:08:58.833 [restartedMain] DEBUG c.w.g.GiftApplication - Running with Spring Boot v2.3.4.RELEASE, Spring v5.2.9.RELEASE
2020-08-23 12:08:58.834 [restartedMain] INFO  c.w.g.GiftApplication - No active profile set, falling back to default profiles: default
2020-08-23 12:08:58.884 [restartedMain] INFO  o.s.b.d.r.ChangeableUrls - The Class-Path manifest attribute in D:\maven\repository\com\sun\xml\bind\jaxb-core\2.3.0.1\jaxb-core-2.3.0.1.jar referenced one or more files that do not exist: file:/D:/maven/repository/com/sun/xml/bind/jaxb-core/2.3.0.1/jaxb-api.jar
2020-08-23 12:08:58.884 [restartedMain] INFO  o.s.b.d.r.ChangeableUrls - The Class-Path manifest attribute in D:\maven\repository\com\sun\xml\bind\jaxb-impl\2.3.2\jaxb-impl-2.3.2.jar referenced one or more files that do not exist: file:/D:/maven/repository/com/sun/xml/bind/jaxb-impl/2.3.2/jaxb-runtime-2.3.2.jar,file:/D:/maven/repository/com/sun/xml/bind/jaxb-impl/2.3.2/txw2-2.3.2.jar,file:/D:/maven/repository/com/sun/xml/bind/jaxb-impl/2.3.2/istack-commons-runtime-3.0.8.jar,file:/D:/maven/repository/com/sun/xml/bind/jaxb-impl/2.3.2/stax-ex-1.8.1.jar,file:/D:/maven/repository/com/sun/xml/bind/jaxb-impl/2.3.2/FastInfoset-1.2.16.jar,file:/D:/maven/repository/com/sun/xml/bind/jaxb-impl/2.3.2/jakarta.activation-api-1.2.1.jar
2020-08-23 12:08:58.884 [restartedMain] INFO  o.s.b.d.e.DevToolsPropertyDefaultsPostProcessor - Devtools property defaults active! Set 'spring.devtools.add-properties' to 'false' to disable
2020-08-23 12:08:58.884 [restartedMain] INFO  o.s.b.d.e.DevToolsPropertyDefaultsPostProcessor - For additional web related logging consider setting the 'logging.level.web' property to 'DEBUG'
2020-08-23 12:08:59.817 [restartedMain] INFO  o.s.d.r.c.RepositoryConfigurationDelegate - Multiple Spring Data modules found, entering strict repository configuration mode!
2020-08-23 12:08:59.819 [restartedMain] INFO  o.s.d.r.c.RepositoryConfigurationDelegate - Bootstrapping Spring Data Redis repositories in DEFAULT mode.
2020-08-23 12:08:59.847 [restartedMain] INFO  o.s.d.r.c.RepositoryConfigurationDelegate - Finished Spring Data repository scanning in 12ms. Found 0 Redis repository interfaces.
2020-08-23 12:08:59.989 [restartedMain] WARN  o.m.s.m.ClassPathMapperScanner - No MyBatis mapper was found in '[com.yxr.gift.mapper]' package. Please check your configuration.
2020-08-23 12:08:59.991 [restartedMain] WARN  o.m.s.m.ClassPathMapperScanner - Skipping MapperFactoryBean with name 'categoryMapper' and 'com.wizz.gift.mapper.CategoryMapper' mapperInterface. Bean already defined with the same name!
2020-08-23 12:08:59.991 [restartedMain] WARN  o.m.s.m.ClassPathMapperScanner - Skipping MapperFactoryBean with name 'commentMapper' and 'com.wizz.gift.mapper.CommentMapper' mapperInterface. Bean already defined with the same name!
2020-08-23 12:08:59.992 [restartedMain] WARN  o.m.s.m.ClassPathMapperScanner - Skipping MapperFactoryBean with name 'giftMapper' and 'com.wizz.gift.mapper.GiftMapper' mapperInterface. Bean already defined with the same name!
2020-08-23 12:08:59.992 [restartedMain] WARN  o.m.s.m.ClassPathMapperScanner - Skipping MapperFactoryBean with name 'loginInfoMapper' and 'com.wizz.gift.mapper.LoginInfoMapper' mapperInterface. Bean already defined with the same name!
2020-08-23 12:08:59.992 [restartedMain] WARN  o.m.s.m.ClassPathMapperScanner - Skipping MapperFactoryBean with name 'messageRecordMapper' and 'com.wizz.gift.mapper.MessageRecordMapper' mapperInterface. Bean already defined with the same name!
2020-08-23 12:08:59.992 [restartedMain] WARN  o.m.s.m.ClassPathMapperScanner - Skipping MapperFactoryBean with name 'productMapper' and 'com.wizz.gift.mapper.ProductMapper' mapperInterface. Bean already defined with the same name!
2020-08-23 12:08:59.992 [restartedMain] WARN  o.m.s.m.ClassPathMapperScanner - Skipping MapperFactoryBean with name 'tokenMapper' and 'com.wizz.gift.mapper.TokenMapper' mapperInterface. Bean already defined with the same name!
2020-08-23 12:08:59.992 [restartedMain] WARN  o.m.s.m.ClassPathMapperScanner - Skipping MapperFactoryBean with name 'userMapper' and 'com.wizz.gift.mapper.UserMapper' mapperInterface. Bean already defined with the same name!
2020-08-23 12:08:59.992 [restartedMain] WARN  o.m.s.m.ClassPathMapperScanner - No MyBatis mapper was found in '[com/wizz/gift/mapper]' package. Please check your configuration.
2020-09-23 12:09:00.345 [restartedMain] INFO  o.s.c.s.PostProcessorRegistrationDelegate$BeanPostProcessorChecker - Bean 'redisConfig' of type [com.wizz.gift.config.RedisConfig$$EnhancerBySpringCGLIB$$393d80ff] is not eligible for getting processed by all BeanPostProcessors (for example: not eligible for auto-proxying)
2020-09-23 12:09:00.800 [restartedMain] INFO  o.s.b.w.e.t.TomcatWebServer - Tomcat initialized with port(s): 9090 (http)
2020-09-23 12:09:00.807 [restartedMain] INFO  o.a.c.h.Http11NioProtocol - Initializing ProtocolHandler ["http-nio-9090"]
2020-09-23 12:09:00.808 [restartedMain] INFO  o.a.c.c.StandardService - Starting service [Tomcat]
2020-09-23 12:09:00.808 [restartedMain] INFO  o.a.c.c.StandardEngine - Starting Servlet engine: [Apache Tomcat/9.0.38]
2020-09-23 12:09:00.905 [restartedMain] INFO  o.a.c.c.C.[.[.[/] - Initializing Spring embedded WebApplicationContext
2020-09-23 12:09:00.905 [restartedMain] INFO  o.s.b.w.s.c.ServletWebServerApplicationContext - Root WebApplicationContext: initialization completed in 2021 ms
2020-09-23 12:09:01.258 [restartedMain] INFO  c.a.d.p.DruidDataSource - {dataSource-1} inited
2020-09-23 12:09:02.255 [restartedMain] INFO  o.s.s.c.ThreadPoolTaskExecutor - Initializing ExecutorService 'clientInboundChannelExecutor'
2020-09-23 12:09:02.270 [restartedMain] INFO  o.s.s.c.ThreadPoolTaskExecutor - Initializing ExecutorService 'clientOutboundChannelExecutor'
2020-09-23 12:09:03.142 [restartedMain] INFO  s.d.s.w.PropertySourcedRequestMappingHandlerMapping - Mapped URL path [/v2/api-docs] onto method [springfox.documentation.swagger2.web.Swagger2Controller#getDocumentation(String, HttpServletRequest)]
2020-09-23 12:09:03.180 [restartedMain] INFO  o.s.s.c.ThreadPoolTaskScheduler - Initializing ExecutorService 'messageBrokerTaskScheduler'
2020-09-23 12:09:03.232 [restartedMain] INFO  o.s.s.c.ThreadPoolTaskExecutor - Initializing ExecutorService 'brokerChannelExecutor'
2020-09-23 12:09:03.451 [restartedMain] INFO  o.s.b.d.a.OptionalLiveReloadServer - LiveReload server is running on port 35729
2020-09-23 12:09:04.150 [restartedMain] INFO  o.a.c.h.Http11NioProtocol - Starting ProtocolHandler ["http-nio-9090"]
2020-09-23 12:09:04.173 [restartedMain] INFO  o.s.b.w.e.t.TomcatWebServer - Tomcat started on port(s): 9090 (http) with context path ''
2020-09-23 12:09:04.174 [restartedMain] INFO  s.d.s.w.p.DocumentationPluginsBootstrapper - Context refreshed
2020-09-23 12:09:04.188 [restartedMain] INFO  s.d.s.w.p.DocumentationPluginsBootstrapper - Found 1 custom documentation plugin(s)
2020-09-23 12:09:04.216 [restartedMain] INFO  s.d.s.w.s.ApiListingReferenceScanner - Scanning for api listing references
2020-09-23 12:09:04.355 [restartedMain] INFO  s.d.s.w.r.o.CachingOperationNameGenerator - Generating unique operation named: indexUsingGET_1
2020-09-23 12:09:04.356 [restartedMain] INFO  s.d.s.w.r.o.CachingOperationNameGenerator - Generating unique operation named: indexUsingGET_2
2020-09-23 12:09:04.433 [restartedMain] INFO  o.s.m.s.b.SimpleBrokerMessageHandler - Starting...
2020-09-23 12:09:04.435 [restartedMain] INFO  o.s.m.s.b.SimpleBrokerMessageHandler - BrokerAvailabilityEvent[available=true, SimpleBrokerMessageHandler [DefaultSubscriptionRegistry[cache[0 destination(s)], registry[0 sessions]]]]
2020-09-23 12:09:04.436 [restartedMain] INFO  o.s.m.s.b.SimpleBrokerMessageHandler - Started.
2020-09-23 12:09:04.446 [restartedMain] INFO  c.w.g.GiftApplication - Started GiftApplication in 6.028 seconds (JVM running for 7.448)
2020-10-23 12:10:14.160 [restartedMain] INFO  c.w.g.GiftApplication - Starting GiftApplication on DESKTOP-8R9JVOE with PID 2208 (D:\gift\target\classes started by liqiqiorz in D:\gift)
2020-10-23 12:10:14.162 [restartedMain] DEBUG c.w.g.GiftApplication - Running with Spring Boot v2.3.4.RELEASE, Spring v5.2.9.RELEASE
2020-10-23 12:10:14.162 [restartedMain] INFO  c.w.g.GiftApplication - No active profile set, falling back to default profiles: default
2020-10-23 12:10:14.236 [restartedMain] INFO  o.s.b.d.r.ChangeableUrls - The Class-Path manifest attribute in D:\maven\repository\com\sun\xml\bind\jaxb-core\2.3.0.1\jaxb-core-2.3.0.1.jar referenced one or more files that do not exist: file:/D:/maven/repository/com/sun/xml/bind/jaxb-core/2.3.0.1/jaxb-api.jar
2020-10-23 12:10:14.236 [restartedMain] INFO  o.s.b.d.r.ChangeableUrls - The Class-Path manifest attribute in D:\maven\repository\com\sun\xml\bind\jaxb-impl\2.3.2\jaxb-impl-2.3.2.jar referenced one or more files that do not exist: file:/D:/maven/repository/com/sun/xml/bind/jaxb-impl/2.3.2/jaxb-runtime-2.3.2.jar,file:/D:/maven/repository/com/sun/xml/bind/jaxb-impl/2.3.2/txw2-2.3.2.jar,file:/D:/maven/repository/com/sun/xml/bind/jaxb-impl/2.3.2/istack-commons-runtime-3.0.8.jar,file:/D:/maven/repository/com/sun/xml/bind/jaxb-impl/2.3.2/stax-ex-1.8.1.jar,file:/D:/maven/repository/com/sun/xml/bind/jaxb-impl/2.3.2/FastInfoset-1.2.16.jar,file:/D:/maven/repository/com/sun/xml/bind/jaxb-impl/2.3.2/jakarta.activation-api-1.2.1.jar
2020-10-23 12:10:14.236 [restartedMain] INFO  o.s.b.d.e.DevToolsPropertyDefaultsPostProcessor - Devtools property defaults active! Set 'spring.devtools.add-properties' to 'false' to disable
2020-10-23 12:10:14.237 [restartedMain] INFO  o.s.b.d.e.DevToolsPropertyDefaultsPostProcessor - For additional web related logging consider setting the 'logging.level.web' property to 'DEBUG'
2020-10-23 12:10:15.224 [restartedMain] INFO  o.s.d.r.c.RepositoryConfigurationDelegate - Multiple Spring Data modules found, entering strict repository configuration mode!
2020-10-23 12:10:15.226 [restartedMain] INFO  o.s.d.r.c.RepositoryConfigurationDelegate - Bootstrapping Spring Data Redis repositories in DEFAULT mode.
2020-10-23 12:10:15.253 [restartedMain] INFO  o.s.d.r.c.RepositoryConfigurationDelegate - Finished Spring Data repository scanning in 12ms. Found 0 Redis repository interfaces.
2020-10-23 12:10:15.396 [restartedMain] WARN  o.m.s.m.ClassPathMapperScanner - No MyBatis mapper was found in '[com.yxr.gift.mapper]' package. Please check your configuration.
2020-10-23 12:10:15.398 [restartedMain] WARN  o.m.s.m.ClassPathMapperScanner - Skipping MapperFactoryBean with name 'categoryMapper' and 'com.wizz.gift.mapper.CategoryMapper' mapperInterface. Bean already defined with the same name!
2020-10-23 12:10:15.398 [restartedMain] WARN  o.m.s.m.ClassPathMapperScanner - Skipping MapperFactoryBean with name 'commentMapper' and 'com.wizz.gift.mapper.CommentMapper' mapperInterface. Bean already defined with the same name!
2020-10-23 12:10:15.398 [restartedMain] WARN  o.m.s.m.ClassPathMapperScanner - Skipping MapperFactoryBean with name 'giftMapper' and 'com.wizz.gift.mapper.GiftMapper' mapperInterface. Bean already defined with the same name!
2020-10-23 12:10:15.399 [restartedMain] WARN  o.m.s.m.ClassPathMapperScanner - Skipping MapperFactoryBean with name 'loginInfoMapper' and 'com.wizz.gift.mapper.LoginInfoMapper' mapperInterface. Bean already defined with the same name!
2020-10-23 12:10:15.399 [restartedMain] WARN  o.m.s.m.ClassPathMapperScanner - Skipping MapperFactoryBean with name 'messageRecordMapper' and 'com.wizz.gift.mapper.MessageRecordMapper' mapperInterface. Bean already defined with the same name!
2020-10-23 12:10:15.399 [restartedMain] WARN  o.m.s.m.ClassPathMapperScanner - Skipping MapperFactoryBean with name 'productMapper' and 'com.wizz.gift.mapper.ProductMapper' mapperInterface. Bean already defined with the same name!
2020-10-23 12:10:15.399 [restartedMain] WARN  o.m.s.m.ClassPathMapperScanner - Skipping MapperFactoryBean with name 'tokenMapper' and 'com.wizz.gift.mapper.TokenMapper' mapperInterface. Bean already defined with the same name!
2020-10-23 12:10:15.399 [restartedMain] WARN  o.m.s.m.ClassPathMapperScanner - Skipping MapperFactoryBean with name 'userMapper' and 'com.wizz.gift.mapper.UserMapper' mapperInterface. Bean already defined with the same name!
2020-10-23 12:10:15.399 [restartedMain] WARN  o.m.s.m.ClassPathMapperScanner - No MyBatis mapper was found in '[com/wizz/gift/mapper]' package. Please check your configuration.
2020-10-23 12:10:15.747 [restartedMain] INFO  o.s.c.s.PostProcessorRegistrationDelegate$BeanPostProcessorChecker - Bean 'redisConfig' of type [com.wizz.gift.config.RedisConfig$$EnhancerBySpringCGLIB$$ee36c242] is not eligible for getting processed by all BeanPostProcessors (for example: not eligible for auto-proxying)
2020-10-23 12:10:16.195 [restartedMain] INFO  o.s.b.w.e.t.TomcatWebServer - Tomcat initialized with port(s): 9090 (http)
2020-10-23 12:10:16.207 [restartedMain] INFO  o.a.c.h.Http11NioProtocol - Initializing ProtocolHandler ["http-nio-9090"]
2020-10-23 12:10:16.208 [restartedMain] INFO  o.a.c.c.StandardService - Starting service [Tomcat]
2020-10-23 12:10:16.208 [restartedMain] INFO  o.a.c.c.StandardEngine - Starting Servlet engine: [Apache Tomcat/9.0.38]
2020-10-23 12:10:16.296 [restartedMain] INFO  o.a.c.c.C.[.[.[/] - Initializing Spring embedded WebApplicationContext
2020-10-23 12:10:16.297 [restartedMain] INFO  o.s.b.w.s.c.ServletWebServerApplicationContext - Root WebApplicationContext: initialization completed in 2060 ms
2020-10-23 12:10:16.643 [restartedMain] INFO  c.a.d.p.DruidDataSource - {dataSource-1} inited
2020-10-23 12:10:17.608 [restartedMain] INFO  o.s.s.c.ThreadPoolTaskExecutor - Initializing ExecutorService 'clientInboundChannelExecutor'
2020-10-23 12:10:17.619 [restartedMain] INFO  o.s.s.c.ThreadPoolTaskExecutor - Initializing ExecutorService 'clientOutboundChannelExecutor'
2020-10-23 12:10:18.482 [restartedMain] INFO  s.d.s.w.PropertySourcedRequestMappingHandlerMapping - Mapped URL path [/v2/api-docs] onto method [springfox.documentation.swagger2.web.Swagger2Controller#getDocumentation(String, HttpServletRequest)]
2020-10-23 12:10:18.512 [restartedMain] INFO  o.s.s.c.ThreadPoolTaskScheduler - Initializing ExecutorService 'messageBrokerTaskScheduler'
2020-10-23 12:10:18.558 [restartedMain] INFO  o.s.s.c.ThreadPoolTaskExecutor - Initializing ExecutorService 'brokerChannelExecutor'
2020-10-23 12:10:18.765 [restartedMain] INFO  o.s.b.d.a.OptionalLiveReloadServer - LiveReload server is running on port 35729
2020-10-23 12:10:19.322 [restartedMain] INFO  o.a.c.h.Http11NioProtocol - Starting ProtocolHandler ["http-nio-9090"]
2020-10-23 12:10:19.350 [restartedMain] INFO  o.s.b.w.e.t.TomcatWebServer - Tomcat started on port(s): 9090 (http) with context path ''
2020-10-23 12:10:19.351 [restartedMain] INFO  s.d.s.w.p.DocumentationPluginsBootstrapper - Context refreshed
2020-10-23 12:10:19.365 [restartedMain] INFO  s.d.s.w.p.DocumentationPluginsBootstrapper - Found 1 custom documentation plugin(s)
2020-10-23 12:10:19.396 [restartedMain] INFO  s.d.s.w.s.ApiListingReferenceScanner - Scanning for api listing references
2020-10-23 12:10:19.633 [restartedMain] INFO  s.d.s.w.r.o.CachingOperationNameGenerator - Generating unique operation named: indexUsingGET_1
2020-10-23 12:10:19.634 [restartedMain] INFO  s.d.s.w.r.o.CachingOperationNameGenerator - Generating unique operation named: indexUsingGET_2
2020-10-23 12:10:19.702 [restartedMain] INFO  o.s.m.s.b.SimpleBrokerMessageHandler - Starting...
2020-10-23 12:10:19.702 [restartedMain] INFO  o.s.m.s.b.SimpleBrokerMessageHandler - BrokerAvailabilityEvent[available=true, SimpleBrokerMessageHandler [DefaultSubscriptionRegistry[cache[0 destination(s)], registry[0 sessions]]]]
2020-10-23 12:10:19.702 [restartedMain] INFO  o.s.m.s.b.SimpleBrokerMessageHandler - Started.
2020-10-23 12:10:19.716 [restartedMain] INFO  c.w.g.GiftApplication - Started GiftApplication in 5.998 seconds (JVM running for 6.953)
2020-10-23 12:10:45.150 [http-nio-9090-exec-1] INFO  o.a.c.c.C.[.[.[/] - Initializing Spring DispatcherServlet 'dispatcherServlet'
2020-10-23 12:10:45.150 [http-nio-9090-exec-1] INFO  o.s.w.s.DispatcherServlet - Initializing Servlet 'dispatcherServlet'
2020-10-23 12:10:45.165 [http-nio-9090-exec-1] INFO  o.s.w.s.DispatcherServlet - Completed initialization in 14 ms
2020-11-23 12:11:18.557 [MessageBroker-1] INFO  o.s.w.s.c.WebSocketMessageBrokerStats - WebSocketSession[0 current WS(0)-HttpStream(0)-HttpPoll(0), 0 total, 0 closed abnormally (0 connect failure, 0 send limit, 0 transport error)], stompSubProtocol[processed CONNECT(0)-CONNECTED(0)-DISCONNECT(0)], stompBrokerRelay[null], inboundChannel[pool size = 0, active threads = 0, queued tasks = 0, completed tasks = 0], outboundChannel[pool size = 0, active threads = 0, queued tasks = 0, completed tasks = 0], sockJsScheduler[pool size = 1, active threads = 1, queued tasks = 0, completed tasks = 0]
2020-11-23 12:11:44.972 [http-nio-9090-exec-7] INFO  c.w.g.a.LogAspect - Request : {url='http://localhost:9090/', ip='0:0:0:0:0:0:0:1', classMethod='com.wizz.gift.controller.Introduction.introduction', args=[]}
2020-11-23 12:11:44.979 [http-nio-9090-exec-7] INFO  c.w.g.a.LogAspect - Result : Hello guy,I'm a developer who is exploitting this project.
You can find me in the github:https://github.com/baijianruoliorz.
I am a student from xidian university,China.
And i am looking for a full-time job for my internship experience.
How to touch me:QQ:1099462011.
